-------------------------------------------------------------------------------
Test set: com.imooc.common.CommonApplicationTests
-------------------------------------------------------------------------------
Tests run: 1, Failures: 0, Errors: 1, Skipped: 0, Time elapsed: 3.672 s <<< FAILURE! - in com.imooc.common.CommonApplicationTests
contextLoads(com.imooc.common.CommonApplicationTests)  Time elapsed: 0.832 s  <<< ERROR!
java.lang.IllegalStateException: Required Encryption configuration property missing: jasypt.encryptor.password
	at com.imooc.common.CommonApplicationTests.contextLoads(CommonApplicationTests.java:17)

